This file contains any messages produced by compilers while
running configure, to aid debugging if configure makes a mistake.

It was created by TestU01 configure 1.2.3, which was
generated by GNU Autoconf 2.61.  Invocation command line was

  $ ./configure --prefix=/Users/utilizador/TestU01

## --------- ##
## Platform. ##
## --------- ##

hostname = MacBook-Pro-de-Utilizador.local
uname -m = x86_64
uname -r = 17.3.0
uname -s = Darwin
uname -v = Darwin Kernel Version 17.3.0: Thu Nov  9 18:09:22 PST 2017; root:xnu-4570.31.3~1/RELEASE_X86_64

/usr/bin/uname -p = i386
/bin/uname -X     = unknown

/bin/arch              = unknown
/usr/bin/arch -k       = unknown
/usr/convex/getsysinfo = unknown
/usr/bin/hostinfo      = Mach kernel version:
	 Darwin Kernel Version 17.3.0: Thu Nov  9 18:09:22 PST 2017; root:xnu-4570.31.3~1/RELEASE_X86_64
Kernel configured for up to 4 processors.
2 processors are physically available.
4 processors are logically available.
Processor type: i486 (Intel 80486)
Processors active: 0 1 2 3
Primary memory available: 8.00 gigabytes
Default processor set: 288 tasks, 1309 threads, 4 processors
Load average: 2.72, Mach factor: 1.27
/bin/machine           = unknown
/usr/bin/oslevel       = unknown
/bin/universe          = unknown

PATH: /usr/local/bin
PATH: /usr/bin
PATH: /bin
PATH: /usr/sbin
PATH: /sbin


## ----------- ##
## Core tests. ##
## ----------- ##

configure:1982: checking for a BSD-compatible install
configure:2038: result: /usr/bin/install -c
configure:2049: checking whether build environment is sane
configure:2092: result: yes
configure:2120: checking for a thread-safe mkdir -p
configure:2159: result: ./install-sh -c -d
configure:2172: checking for gawk
configure:2202: result: no
configure:2172: checking for mawk
configure:2202: result: no
configure:2172: checking for nawk
configure:2202: result: no
configure:2172: checking for awk
configure:2188: found /usr/bin/awk
configure:2199: result: awk
configure:2210: checking whether make sets $(MAKE)
configure:2231: result: yes
configure:2430: checking build system type
configure:2448: result: i386-apple-darwin17.3.0
configure:2470: checking host system type
configure:2485: result: i386-apple-darwin17.3.0
configure:2557: checking for gcc
configure:2573: found /usr/bin/gcc
configure:2584: result: gcc
configure:2822: checking for C compiler version
configure:2829: gcc --version >&5
Configured with: --prefix=/Library/Developer/CommandLineTools/usr --with-gxx-include-dir=/usr/include/c++/4.2.1
Apple LLVM version 9.0.0 (clang-900.0.39.2)
Target: x86_64-apple-darwin17.3.0
Thread model: posix
InstalledDir: /Library/Developer/CommandLineTools/usr/bin
configure:2832: $? = 0
configure:2839: gcc -v >&5
Configured with: --prefix=/Library/Developer/CommandLineTools/usr --with-gxx-include-dir=/usr/include/c++/4.2.1
Apple LLVM version 9.0.0 (clang-900.0.39.2)
Target: x86_64-apple-darwin17.3.0
Thread model: posix
InstalledDir: /Library/Developer/CommandLineTools/usr/bin
configure:2842: $? = 0
configure:2849: gcc -V >&5
clang: error: argument to '-V' is missing (expected 1 value)
clang: error: no input files
configure:2852: $? = 1
configure:2875: checking for C compiler default output file name
configure:2902: gcc    conftest.c  >&5
configure:2905: $? = 0
configure:2943: result: a.out
configure:2960: checking whether the C compiler works
configure:2970: ./a.out
configure:2973: $? = 0
configure:2990: result: yes
configure:2997: checking whether we are cross compiling
configure:2999: result: no
configure:3002: checking for suffix of executables
configure:3009: gcc -o conftest    conftest.c  >&5
configure:3012: $? = 0
configure:3036: result: 
configure:3042: checking for suffix of object files
configure:3068: gcc -c   conftest.c >&5
configure:3071: $? = 0
configure:3094: result: o
configure:3098: checking whether we are using the GNU C compiler
configure:3127: gcc -c   conftest.c >&5
configure:3133: $? = 0
configure:3150: result: yes
configure:3155: checking whether gcc accepts -g
configure:3185: gcc -c -g  conftest.c >&5
configure:3191: $? = 0
configure:3290: result: yes
configure:3307: checking for gcc option to accept ISO C89
configure:3381: gcc  -c -g -O2  conftest.c >&5
configure:3387: $? = 0
configure:3410: result: none needed
configure:3439: checking for style of include used by make
configure:3467: result: GNU
configure:3492: checking dependency style of gcc
configure:3583: result: gcc3
configure:3603: checking how to run the C preprocessor
configure:3643: gcc -E  conftest.c
configure:3649: $? = 0
configure:3680: gcc -E  conftest.c
conftest.c:10:10: fatal error: 'ac_nonexistent.h' file not found
#include <ac_nonexistent.h>
         ^~~~~~~~~~~~~~~~~~
1 error generated.
configure:3686: $? = 1
configure: failed program was:
| /* confdefs.h.  */
| #define PACKAGE_NAME "TestU01"
| #define PACKAGE_TARNAME "testu01"
| #define PACKAGE_VERSION "1.2.3"
| #define PACKAGE_STRING "TestU01 1.2.3"
| #define PACKAGE_BUGREPORT "lecuyer@iro.umontreal.ca"
| #define PACKAGE "testu01"
| #define VERSION "1.2.3"
| /* end confdefs.h.  */
| #include <ac_nonexistent.h>
configure:3719: result: gcc -E
configure:3748: gcc -E  conftest.c
configure:3754: $? = 0
configure:3785: gcc -E  conftest.c
conftest.c:10:10: fatal error: 'ac_nonexistent.h' file not found
#include <ac_nonexistent.h>
         ^~~~~~~~~~~~~~~~~~
1 error generated.
configure:3791: $? = 1
configure: failed program was:
| /* confdefs.h.  */
| #define PACKAGE_NAME "TestU01"
| #define PACKAGE_TARNAME "testu01"
| #define PACKAGE_VERSION "1.2.3"
| #define PACKAGE_STRING "TestU01 1.2.3"
| #define PACKAGE_BUGREPORT "lecuyer@iro.umontreal.ca"
| #define PACKAGE "testu01"
| #define VERSION "1.2.3"
| /* end confdefs.h.  */
| #include <ac_nonexistent.h>
configure:3841: checking for a BSD-compatible install
configure:3897: result: /usr/bin/install -c
configure:3908: checking whether ln -s works
configure:3912: result: yes
configure:3919: checking whether make sets $(MAKE)
configure:3940: result: yes
configure:4021: checking for a sed that does not truncate output
configure:4077: result: /usr/bin/sed
configure:4080: checking for grep that handles long lines and -e
configure:4154: result: /usr/bin/grep
configure:4159: checking for egrep
configure:4237: result: /usr/bin/grep -E
configure:4253: checking for ld used by gcc
configure:4320: result: /Library/Developer/CommandLineTools/usr/bin/ld
configure:4329: checking if the linker (/Library/Developer/CommandLineTools/usr/bin/ld) is GNU ld
configure:4344: result: no
configure:4349: checking for /Library/Developer/CommandLineTools/usr/bin/ld option to reload object files
configure:4356: result: -r
configure:4374: checking for BSD-compatible nm
configure:4423: result: /usr/bin/nm -B
configure:4427: checking how to recognise dependent libraries
configure:4603: result: pass_all
configure:4833: checking for ANSI C header files
configure:4863: gcc -c -g -O2  conftest.c >&5
configure:4869: $? = 0
configure:4968: gcc -o conftest -g -O2   conftest.c  >&5
configure:4971: $? = 0
configure:4977: ./conftest
configure:4980: $? = 0
configure:4997: result: yes
configure:5021: checking for sys/types.h
configure:5042: gcc -c -g -O2  conftest.c >&5
configure:5048: $? = 0
configure:5064: result: yes
configure:5021: checking for sys/stat.h
configure:5042: gcc -c -g -O2  conftest.c >&5
configure:5048: $? = 0
configure:5064: result: yes
configure:5021: checking for stdlib.h
configure:5042: gcc -c -g -O2  conftest.c >&5
configure:5048: $? = 0
configure:5064: result: yes
configure:5021: checking for string.h
configure:5042: gcc -c -g -O2  conftest.c >&5
configure:5048: $? = 0
configure:5064: result: yes
configure:5021: checking for memory.h
configure:5042: gcc -c -g -O2  conftest.c >&5
configure:5048: $? = 0
configure:5064: result: yes
configure:5021: checking for strings.h
configure:5042: gcc -c -g -O2  conftest.c >&5
configure:5048: $? = 0
configure:5064: result: yes
configure:5021: checking for inttypes.h
configure:5042: gcc -c -g -O2  conftest.c >&5
configure:5048: $? = 0
configure:5064: result: yes
configure:5021: checking for stdint.h
configure:5042: gcc -c -g -O2  conftest.c >&5
configure:5048: $? = 0
configure:5064: result: yes
configure:5021: checking for unistd.h
configure:5042: gcc -c -g -O2  conftest.c >&5
configure:5048: $? = 0
configure:5064: result: yes
configure:5091: checking dlfcn.h usability
configure:5108: gcc -c -g -O2  conftest.c >&5
configure:5114: $? = 0
configure:5128: result: yes
configure:5132: checking dlfcn.h presence
configure:5147: gcc -E  conftest.c
configure:5153: $? = 0
configure:5167: result: yes
configure:5200: checking for dlfcn.h
configure:5208: result: yes
configure:5279: checking for g++
configure:5295: found /usr/bin/g++
configure:5306: result: g++
configure:5337: checking for C++ compiler version
configure:5344: g++ --version >&5
Configured with: --prefix=/Library/Developer/CommandLineTools/usr --with-gxx-include-dir=/usr/include/c++/4.2.1
Apple LLVM version 9.0.0 (clang-900.0.39.2)
Target: x86_64-apple-darwin17.3.0
Thread model: posix
InstalledDir: /Library/Developer/CommandLineTools/usr/bin
configure:5347: $? = 0
configure:5354: g++ -v >&5
Configured with: --prefix=/Library/Developer/CommandLineTools/usr --with-gxx-include-dir=/usr/include/c++/4.2.1
Apple LLVM version 9.0.0 (clang-900.0.39.2)
Target: x86_64-apple-darwin17.3.0
Thread model: posix
InstalledDir: /Library/Developer/CommandLineTools/usr/bin
configure:5357: $? = 0
configure:5364: g++ -V >&5
clang: error: argument to '-V' is missing (expected 1 value)
clang: error: no input files
configure:5367: $? = 1
configure:5370: checking whether we are using the GNU C++ compiler
configure:5399: g++ -c   conftest.cpp >&5
configure:5405: $? = 0
configure:5422: result: yes
configure:5427: checking whether g++ accepts -g
configure:5457: g++ -c -g  conftest.cpp >&5
configure:5463: $? = 0
configure:5562: result: yes
configure:5587: checking dependency style of g++
configure:5678: result: gcc3
configure:5703: checking how to run the C++ preprocessor
configure:5739: g++ -E  conftest.cpp
configure:5745: $? = 0
configure:5776: g++ -E  conftest.cpp
conftest.cpp:21:10: fatal error: 'ac_nonexistent.h' file not found
#include <ac_nonexistent.h>
         ^~~~~~~~~~~~~~~~~~
1 error generated.
configure:5782: $? = 1
configure: failed program was:
| /* confdefs.h.  */
| #define PACKAGE_NAME "TestU01"
| #define PACKAGE_TARNAME "testu01"
| #define PACKAGE_VERSION "1.2.3"
| #define PACKAGE_STRING "TestU01 1.2.3"
| #define PACKAGE_BUGREPORT "lecuyer@iro.umontreal.ca"
| #define PACKAGE "testu01"
| #define VERSION "1.2.3"
| #define STDC_HEADERS 1
| #define HAVE_SYS_TYPES_H 1
| #define HAVE_SYS_STAT_H 1
| #define HAVE_STDLIB_H 1
| #define HAVE_STRING_H 1
| #define HAVE_MEMORY_H 1
| #define HAVE_STRINGS_H 1
| #define HAVE_INTTYPES_H 1
| #define HAVE_STDINT_H 1
| #define HAVE_UNISTD_H 1
| #define HAVE_DLFCN_H 1
| /* end confdefs.h.  */
| #include <ac_nonexistent.h>
configure:5815: result: g++ -E
configure:5844: g++ -E  conftest.cpp
configure:5850: $? = 0
configure:5881: g++ -E  conftest.cpp
conftest.cpp:21:10: fatal error: 'ac_nonexistent.h' file not found
#include <ac_nonexistent.h>
         ^~~~~~~~~~~~~~~~~~
1 error generated.
configure:5887: $? = 1
configure: failed program was:
| /* confdefs.h.  */
| #define PACKAGE_NAME "TestU01"
| #define PACKAGE_TARNAME "testu01"
| #define PACKAGE_VERSION "1.2.3"
| #define PACKAGE_STRING "TestU01 1.2.3"
| #define PACKAGE_BUGREPORT "lecuyer@iro.umontreal.ca"
| #define PACKAGE "testu01"
| #define VERSION "1.2.3"
| #define STDC_HEADERS 1
| #define HAVE_SYS_TYPES_H 1
| #define HAVE_SYS_STAT_H 1
| #define HAVE_STDLIB_H 1
| #define HAVE_STRING_H 1
| #define HAVE_MEMORY_H 1
| #define HAVE_STRINGS_H 1
| #define HAVE_INTTYPES_H 1
| #define HAVE_STDINT_H 1
| #define HAVE_UNISTD_H 1
| #define HAVE_DLFCN_H 1
| /* end confdefs.h.  */
| #include <ac_nonexistent.h>
configure:5980: checking for g77
configure:6010: result: no
configure:5980: checking for xlf
configure:6010: result: no
configure:5980: checking for f77
configure:6010: result: no
configure:5980: checking for frt
configure:6010: result: no
configure:5980: checking for pgf77
configure:6010: result: no
configure:5980: checking for cf77
configure:6010: result: no
configure:5980: checking for fort77
configure:6010: result: no
configure:5980: checking for fl32
configure:6010: result: no
configure:5980: checking for af77
configure:6010: result: no
configure:5980: checking for xlf90
configure:6010: result: no
configure:5980: checking for f90
configure:6010: result: no
configure:5980: checking for pgf90
configure:6010: result: no
configure:5980: checking for pghpf
configure:6010: result: no
configure:5980: checking for epcf90
configure:6010: result: no
configure:5980: checking for gfortran
configure:6010: result: no
configure:5980: checking for g95
configure:6010: result: no
configure:5980: checking for xlf95
configure:6010: result: no
configure:5980: checking for f95
configure:6010: result: no
configure:5980: checking for fort
configure:6010: result: no
configure:5980: checking for ifort
configure:6010: result: no
configure:5980: checking for ifc
configure:6010: result: no
configure:5980: checking for efc
configure:6010: result: no
configure:5980: checking for pgf95
configure:6010: result: no
configure:5980: checking for lf95
configure:6010: result: no
configure:5980: checking for ftn
configure:6010: result: no
configure:6037: checking for Fortran 77 compiler version
configure:6044:  --version >&5
./configure: line 6045: --version: command not found
configure:6047: $? = 127
configure:6054:  -v >&5
./configure: line 6055: -v: command not found
configure:6057: $? = 127
configure:6064:  -V >&5
./configure: line 6065: -V: command not found
configure:6067: $? = 127
configure:6075: checking whether we are using the GNU Fortran 77 compiler
configure:6094:  -c  conftest.F >&5
./configure: line 6095: -c: command not found
configure:6100: $? = 127
configure: failed program was:
|       program main
| #ifndef __GNUC__
|        choke me
| #endif
| 
|       end
configure:6117: result: no
configure:6123: checking whether  accepts -g
configure:6140:  -c -g conftest.f >&5
./configure: line 6141: -c: command not found
configure:6146: $? = 127
configure: failed program was:
|       program main
| 
|       end
configure:6162: result: no
configure:6192: checking the maximum length of command line arguments
configure:6301: result: 196608
configure:6312: checking command to parse /usr/bin/nm -B output from gcc object
configure:6417: gcc -c -g -O2  conftest.c >&5
configure:6420: $? = 0
configure:6424: /usr/bin/nm -B conftest.o \| sed -n -e 's/^.*[ 	]\([BCDEGRST][BCDEGRST]*\)[ 	][ 	]*\([_A-Za-z][_A-Za-z0-9]*\)$/\1 \2 \2/p' \> conftest.nm
configure:6427: $? = 0
cannot find nm_test_var in conftest.nm
configure:6417: gcc -c -g -O2  conftest.c >&5
configure:6420: $? = 0
configure:6424: /usr/bin/nm -B conftest.o \| sed -n -e 's/^.*[ 	]\([BCDEGRST][BCDEGRST]*\)[ 	][ 	]*_\([_A-Za-z][_A-Za-z0-9]*\)$/\1 _\2 \2/p' \> conftest.nm
configure:6427: $? = 0
configure:6479: gcc -o conftest -g -O2   conftest.c conftstm.o >&5
warning: (x86_64)  could not find object file symbol for symbol _main
configure:6482: $? = 0
configure:6520: result: ok
configure:6524: checking for objdir
configure:6539: result: .libs
configure:6631: checking for ar
configure:6647: found /usr/bin/ar
configure:6658: result: ar
configure:6727: checking for ranlib
configure:6743: found /usr/bin/ranlib
configure:6754: result: ranlib
configure:6823: checking for strip
configure:6839: found /usr/bin/strip
configure:6850: result: strip
configure:7136: checking if gcc supports -fno-rtti -fno-exceptions
configure:7154: gcc -c -g -O2  -fno-rtti -fno-exceptions conftest.c >&5
configure:7158: $? = 0
configure:7171: result: yes
configure:7186: checking for gcc option to produce PIC
configure:7396: result: -fno-common
configure:7404: checking if gcc PIC flag -fno-common works
configure:7422: gcc -c -g -O2  -fno-common -DPIC conftest.c >&5
configure:7426: $? = 0
configure:7439: result: yes
configure:7467: checking if gcc static flag -static works
configure:7495: result: no
configure:7505: checking if gcc supports -c -o file.o
configure:7526: gcc -c -g -O2  -o out/conftest2.o conftest.c >&5
configure:7530: $? = 0
configure:7552: result: yes
configure:7578: checking whether the gcc linker (/Library/Developer/CommandLineTools/usr/bin/ld) supports shared libraries
configure:8532: result: yes
configure:8599: checking dynamic linker characteristics
configure:9208: result: darwin17.3.0 dyld
configure:9217: checking how to hardcode library paths into programs
configure:9242: result: immediate
configure:9256: checking whether stripping libraries is possible
configure:9269: result: yes
configure:10062: checking if libtool supports shared libraries
configure:10064: result: yes
configure:10067: checking whether to build shared libraries
configure:10088: result: yes
configure:10091: checking whether to build static libraries
configure:10095: result: yes
configure:10187: creating libtool
configure:10775: checking for ld used by g++
configure:10842: result: /Library/Developer/CommandLineTools/usr/bin/ld
configure:10851: checking if the linker (/Library/Developer/CommandLineTools/usr/bin/ld) is GNU ld
configure:10866: result: no
configure:10917: checking whether the g++ linker (/Library/Developer/CommandLineTools/usr/bin/ld) supports shared libraries
configure:11851: result: yes
configure:11869: g++ -c -g -O2  conftest.cpp >&5
configure:11872: $? = 0
configure:11991: checking for g++ option to produce PIC
configure:12265: result: -fno-common
configure:12273: checking if g++ PIC flag -fno-common works
configure:12291: g++ -c -g -O2  -fno-common -DPIC conftest.cpp >&5
configure:12295: $? = 0
configure:12308: result: yes
configure:12336: checking if g++ static flag -static works
configure:12364: result: no
configure:12374: checking if g++ supports -c -o file.o
configure:12395: g++ -c -g -O2  -o out/conftest2.o conftest.cpp >&5
configure:12399: $? = 0
configure:12421: result: yes
configure:12447: checking whether the g++ linker (/Library/Developer/CommandLineTools/usr/bin/ld) supports shared libraries
configure:12472: result: yes
configure:12539: checking dynamic linker characteristics
configure:13148: result: darwin17.3.0 dyld
configure:13157: checking how to hardcode library paths into programs
configure:13182: result: immediate
configure:19366: checking for math
configure:19394: result: no
configure:19619: checking for ANSI C header files
configure:19783: result: yes
configure:19812: checking sys/utsname.h usability
configure:19829: gcc -c -g -O2  conftest.c >&5
configure:19835: $? = 0
configure:19849: result: yes
configure:19853: checking sys/utsname.h presence
configure:19868: gcc -E  conftest.c
configure:19874: $? = 0
configure:19888: result: yes
configure:19921: checking for sys/utsname.h
configure:19929: result: yes
configure:19802: checking for unistd.h
configure:19808: result: yes
configure:19812: checking windows.h usability
configure:19829: gcc -c -g -O2  conftest.c >&5
conftest.c:57:10: fatal error: 'windows.h' file not found
#include <windows.h>
         ^~~~~~~~~~~
1 error generated.
configure:19835: $? = 1
configure: failed program was:
| /* confdefs.h.  */
| #define PACKAGE_NAME "TestU01"
| #define PACKAGE_TARNAME "testu01"
| #define PACKAGE_VERSION "1.2.3"
| #define PACKAGE_STRING "TestU01 1.2.3"
| #define PACKAGE_BUGREPORT "lecuyer@iro.umontreal.ca"
| #define PACKAGE "testu01"
| #define VERSION "1.2.3"
| #define STDC_HEADERS 1
| #define HAVE_SYS_TYPES_H 1
| #define HAVE_SYS_STAT_H 1
| #define HAVE_STDLIB_H 1
| #define HAVE_STRING_H 1
| #define HAVE_MEMORY_H 1
| #define HAVE_STRINGS_H 1
| #define HAVE_INTTYPES_H 1
| #define HAVE_STDINT_H 1
| #define HAVE_UNISTD_H 1
| #define HAVE_DLFCN_H 1
| #define STDC_HEADERS 1
| #define HAVE_SYS_UTSNAME_H 1
| #define HAVE_UNISTD_H 1
| /* end confdefs.h.  */
| #include <stdio.h>
| #ifdef HAVE_SYS_TYPES_H
| # include <sys/types.h>
| #endif
| #ifdef HAVE_SYS_STAT_H
| # include <sys/stat.h>
| #endif
| #ifdef STDC_HEADERS
| # include <stdlib.h>
| # include <stddef.h>
| #else
| # ifdef HAVE_STDLIB_H
| #  include <stdlib.h>
| # endif
| #endif
| #ifdef HAVE_STRING_H
| # if !defined STDC_HEADERS && defined HAVE_MEMORY_H
| #  include <memory.h>
| # endif
| # include <string.h>
| #endif
| #ifdef HAVE_STRINGS_H
| # include <strings.h>
| #endif
| #ifdef HAVE_INTTYPES_H
| # include <inttypes.h>
| #endif
| #ifdef HAVE_STDINT_H
| # include <stdint.h>
| #endif
| #ifdef HAVE_UNISTD_H
| # include <unistd.h>
| #endif
| #include <windows.h>
configure:19849: result: no
configure:19853: checking windows.h presence
configure:19868: gcc -E  conftest.c
conftest.c:24:10: fatal error: 'windows.h' file not found
#include <windows.h>
         ^~~~~~~~~~~
1 error generated.
configure:19874: $? = 1
configure: failed program was:
| /* confdefs.h.  */
| #define PACKAGE_NAME "TestU01"
| #define PACKAGE_TARNAME "testu01"
| #define PACKAGE_VERSION "1.2.3"
| #define PACKAGE_STRING "TestU01 1.2.3"
| #define PACKAGE_BUGREPORT "lecuyer@iro.umontreal.ca"
| #define PACKAGE "testu01"
| #define VERSION "1.2.3"
| #define STDC_HEADERS 1
| #define HAVE_SYS_TYPES_H 1
| #define HAVE_SYS_STAT_H 1
| #define HAVE_STDLIB_H 1
| #define HAVE_STRING_H 1
| #define HAVE_MEMORY_H 1
| #define HAVE_STRINGS_H 1
| #define HAVE_INTTYPES_H 1
| #define HAVE_STDINT_H 1
| #define HAVE_UNISTD_H 1
| #define HAVE_DLFCN_H 1
| #define STDC_HEADERS 1
| #define HAVE_SYS_UTSNAME_H 1
| #define HAVE_UNISTD_H 1
| /* end confdefs.h.  */
| #include <windows.h>
configure:19888: result: no
configure:19921: checking for windows.h
configure:19929: result: no
configure:19812: checking gmp.h usability
configure:19829: gcc -c -g -O2  conftest.c >&5
conftest.c:57:10: fatal error: 'gmp.h' file not found
#include <gmp.h>
         ^~~~~~~
1 error generated.
configure:19835: $? = 1
configure: failed program was:
| /* confdefs.h.  */
| #define PACKAGE_NAME "TestU01"
| #define PACKAGE_TARNAME "testu01"
| #define PACKAGE_VERSION "1.2.3"
| #define PACKAGE_STRING "TestU01 1.2.3"
| #define PACKAGE_BUGREPORT "lecuyer@iro.umontreal.ca"
| #define PACKAGE "testu01"
| #define VERSION "1.2.3"
| #define STDC_HEADERS 1
| #define HAVE_SYS_TYPES_H 1
| #define HAVE_SYS_STAT_H 1
| #define HAVE_STDLIB_H 1
| #define HAVE_STRING_H 1
| #define HAVE_MEMORY_H 1
| #define HAVE_STRINGS_H 1
| #define HAVE_INTTYPES_H 1
| #define HAVE_STDINT_H 1
| #define HAVE_UNISTD_H 1
| #define HAVE_DLFCN_H 1
| #define STDC_HEADERS 1
| #define HAVE_SYS_UTSNAME_H 1
| #define HAVE_UNISTD_H 1
| /* end confdefs.h.  */
| #include <stdio.h>
| #ifdef HAVE_SYS_TYPES_H
| # include <sys/types.h>
| #endif
| #ifdef HAVE_SYS_STAT_H
| # include <sys/stat.h>
| #endif
| #ifdef STDC_HEADERS
| # include <stdlib.h>
| # include <stddef.h>
| #else
| # ifdef HAVE_STDLIB_H
| #  include <stdlib.h>
| # endif
| #endif
| #ifdef HAVE_STRING_H
| # if !defined STDC_HEADERS && defined HAVE_MEMORY_H
| #  include <memory.h>
| # endif
| # include <string.h>
| #endif
| #ifdef HAVE_STRINGS_H
| # include <strings.h>
| #endif
| #ifdef HAVE_INTTYPES_H
| # include <inttypes.h>
| #endif
| #ifdef HAVE_STDINT_H
| # include <stdint.h>
| #endif
| #ifdef HAVE_UNISTD_H
| # include <unistd.h>
| #endif
| #include <gmp.h>
configure:19849: result: no
configure:19853: checking gmp.h presence
configure:19868: gcc -E  conftest.c
conftest.c:24:10: fatal error: 'gmp.h' file not found
#include <gmp.h>
         ^~~~~~~
1 error generated.
configure:19874: $? = 1
configure: failed program was:
| /* confdefs.h.  */
| #define PACKAGE_NAME "TestU01"
| #define PACKAGE_TARNAME "testu01"
| #define PACKAGE_VERSION "1.2.3"
| #define PACKAGE_STRING "TestU01 1.2.3"
| #define PACKAGE_BUGREPORT "lecuyer@iro.umontreal.ca"
| #define PACKAGE "testu01"
| #define VERSION "1.2.3"
| #define STDC_HEADERS 1
| #define HAVE_SYS_TYPES_H 1
| #define HAVE_SYS_STAT_H 1
| #define HAVE_STDLIB_H 1
| #define HAVE_STRING_H 1
| #define HAVE_MEMORY_H 1
| #define HAVE_STRINGS_H 1
| #define HAVE_INTTYPES_H 1
| #define HAVE_STDINT_H 1
| #define HAVE_UNISTD_H 1
| #define HAVE_DLFCN_H 1
| #define STDC_HEADERS 1
| #define HAVE_SYS_UTSNAME_H 1
| #define HAVE_UNISTD_H 1
| /* end confdefs.h.  */
| #include <gmp.h>
configure:19888: result: no
configure:19921: checking for gmp.h
configure:19929: result: no
configure:19802: checking for stdint.h
configure:19808: result: yes
configure:19944: checking for an ANSI C-conforming const
configure:20019: gcc -c -g -O2  conftest.c >&5
configure:20025: $? = 0
configure:20040: result: yes
configure:20050: checking for size_t
configure:20080: gcc -c -g -O2  conftest.c >&5
configure:20086: $? = 0
configure:20101: result: yes
configure:20113: checking whether byte ordering is bigendian
configure:20146: gcc -c -g -O2  conftest.c >&5
configure:20152: $? = 0
configure:20184: gcc -c -g -O2  conftest.c >&5
conftest.c:32:2: error: use of undeclared identifier 'not'
 not big endian
 ^
1 error generated.
configure:20190: $? = 1
configure: failed program was:
| /* confdefs.h.  */
| #define PACKAGE_NAME "TestU01"
| #define PACKAGE_TARNAME "testu01"
| #define PACKAGE_VERSION "1.2.3"
| #define PACKAGE_STRING "TestU01 1.2.3"
| #define PACKAGE_BUGREPORT "lecuyer@iro.umontreal.ca"
| #define PACKAGE "testu01"
| #define VERSION "1.2.3"
| #define STDC_HEADERS 1
| #define HAVE_SYS_TYPES_H 1
| #define HAVE_SYS_STAT_H 1
| #define HAVE_STDLIB_H 1
| #define HAVE_STRING_H 1
| #define HAVE_MEMORY_H 1
| #define HAVE_STRINGS_H 1
| #define HAVE_INTTYPES_H 1
| #define HAVE_STDINT_H 1
| #define HAVE_UNISTD_H 1
| #define HAVE_DLFCN_H 1
| #define STDC_HEADERS 1
| #define HAVE_SYS_UTSNAME_H 1
| #define HAVE_UNISTD_H 1
| #define HAVE_STDINT_H 1
| /* end confdefs.h.  */
| #include <sys/types.h>
| #include <sys/param.h>
| 
| int
| main ()
| {
| #if BYTE_ORDER != BIG_ENDIAN
|  not big endian
| #endif
| 
|   ;
|   return 0;
| }
configure:20330: result: no
configure:20349: checking for long long
configure:20379: gcc -c -g -O2  conftest.c >&5
configure:20385: $? = 0
configure:20400: result: yes
configure:20410: checking for uint32_t
configure:20440: gcc -c -g -O2  conftest.c >&5
configure:20446: $? = 0
configure:20461: result: yes
configure:20471: checking for uint8_t
configure:20501: gcc -c -g -O2  conftest.c >&5
configure:20507: $? = 0
configure:20522: result: yes
configure:20545: checking for random
configure:20601: gcc -o conftest -g -O2   conftest.c   >&5
configure:20607: $? = 0
configure:20625: result: yes
configure:20545: checking for erf
configure:20601: gcc -o conftest -g -O2   conftest.c   >&5
conftest.c:52:6: warning: incompatible redeclaration of library function 'erf' [-Wincompatible-library-redeclaration]
char erf ();
     ^
conftest.c:52:6: note: 'erf' is a builtin with type 'double (double)'
1 warning generated.
configure:20607: $? = 0
configure:20625: result: yes
configure:20545: checking for lgamma
configure:20601: gcc -o conftest -g -O2   conftest.c   >&5
conftest.c:53:6: warning: incompatible redeclaration of library function 'lgamma' [-Wincompatible-library-redeclaration]
char lgamma ();
     ^
conftest.c:53:6: note: 'lgamma' is a builtin with type 'double (double)'
1 warning generated.
configure:20607: $? = 0
configure:20625: result: yes
configure:20545: checking for log1p
configure:20601: gcc -o conftest -g -O2   conftest.c   >&5
conftest.c:54:6: warning: incompatible redeclaration of library function 'log1p' [-Wincompatible-library-redeclaration]
char log1p ();
     ^
conftest.c:54:6: note: 'log1p' is a builtin with type 'double (double)'
1 warning generated.
configure:20607: $? = 0
configure:20625: result: yes
configure:20760: creating ./config.status

## ---------------------- ##
## Running config.status. ##
## ---------------------- ##

This file was extended by TestU01 config.status 1.2.3, which was
generated by GNU Autoconf 2.61.  Invocation command line was

  CONFIG_FILES    = 
  CONFIG_HEADERS  = 
  CONFIG_LINKS    = 
  CONFIG_COMMANDS = 
  $ ./config.status 

on MacBook-Pro-de-Utilizador.local

config.status:672: creating Makefile
config.status:672: creating include/Makefile
config.status:672: creating mylib/Makefile
config.status:672: creating probdist/Makefile
config.status:672: creating testu01/Makefile
config.status:672: creating examples/Makefile
config.status:672: creating doc/Makefile
config.status:672: creating param/Makefile
config.status:672: creating include/config.h
config.status:672: creating include/gdefconf.h
config.status:956: executing depfiles commands

## ---------------- ##
## Cache variables. ##
## ---------------- ##

ac_cv_build=i386-apple-darwin17.3.0
ac_cv_c_bigendian=no
ac_cv_c_compiler_gnu=yes
ac_cv_c_const=yes
ac_cv_cxx_compiler_gnu=yes
ac_cv_env_CCC_set=
ac_cv_env_CCC_value=
ac_cv_env_CC_set=
ac_cv_env_CC_value=
ac_cv_env_CFLAGS_set=
ac_cv_env_CFLAGS_value=
ac_cv_env_CPPFLAGS_set=
ac_cv_env_CPPFLAGS_value=
ac_cv_env_CPP_set=
ac_cv_env_CPP_value=
ac_cv_env_CXXCPP_set=
ac_cv_env_CXXCPP_value=
ac_cv_env_CXXFLAGS_set=
ac_cv_env_CXXFLAGS_value=
ac_cv_env_CXX_set=
ac_cv_env_CXX_value=
ac_cv_env_F77_set=
ac_cv_env_F77_value=
ac_cv_env_FFLAGS_set=
ac_cv_env_FFLAGS_value=
ac_cv_env_LDFLAGS_set=
ac_cv_env_LDFLAGS_value=
ac_cv_env_LIBS_set=
ac_cv_env_LIBS_value=
ac_cv_env_build_alias_set=
ac_cv_env_build_alias_value=
ac_cv_env_host_alias_set=
ac_cv_env_host_alias_value=
ac_cv_env_target_alias_set=
ac_cv_env_target_alias_value=
ac_cv_f77_compiler_gnu=no
ac_cv_func_erf=yes
ac_cv_func_lgamma=yes
ac_cv_func_log1p=yes
ac_cv_func_random=yes
ac_cv_header_dlfcn_h=yes
ac_cv_header_gmp_h=no
ac_cv_header_inttypes_h=yes
ac_cv_header_memory_h=yes
ac_cv_header_stdc=yes
ac_cv_header_stdint_h=yes
ac_cv_header_stdlib_h=yes
ac_cv_header_string_h=yes
ac_cv_header_strings_h=yes
ac_cv_header_sys_stat_h=yes
ac_cv_header_sys_types_h=yes
ac_cv_header_sys_utsname_h=yes
ac_cv_header_unistd_h=yes
ac_cv_header_windows_h=no
ac_cv_host=i386-apple-darwin17.3.0
ac_cv_objext=o
ac_cv_path_EGREP='/usr/bin/grep -E'
ac_cv_path_GREP=/usr/bin/grep
ac_cv_path_install='/usr/bin/install -c'
ac_cv_prog_AWK=awk
ac_cv_prog_CPP='gcc -E'
ac_cv_prog_CXXCPP='g++ -E'
ac_cv_prog_ac_ct_AR=ar
ac_cv_prog_ac_ct_CC=gcc
ac_cv_prog_ac_ct_CXX=g++
ac_cv_prog_ac_ct_RANLIB=ranlib
ac_cv_prog_ac_ct_STRIP=strip
ac_cv_prog_cc_c89=
ac_cv_prog_cc_g=yes
ac_cv_prog_cxx_g=yes
ac_cv_prog_f77_g=no
ac_cv_prog_have_mathematica=no
ac_cv_prog_make_make_set=yes
ac_cv_type_long_long=yes
ac_cv_type_size_t=yes
ac_cv_type_uint32_t=yes
ac_cv_type_uint8_t=yes
am_cv_CC_dependencies_compiler_type=gcc3
am_cv_CXX_dependencies_compiler_type=gcc3
lt_cv_deplibs_check_method=pass_all
lt_cv_file_magic_cmd='$MAGIC_CMD'
lt_cv_file_magic_test_file=
lt_cv_ld_reload_flag=-r
lt_cv_objdir=.libs
lt_cv_path_LD=/Library/Developer/CommandLineTools/usr/bin/ld
lt_cv_path_LDCXX=/Library/Developer/CommandLineTools/usr/bin/ld
lt_cv_path_NM='/usr/bin/nm -B'
lt_cv_path_SED=/usr/bin/sed
lt_cv_prog_compiler_c_o=yes
lt_cv_prog_compiler_c_o_CXX=yes
lt_cv_prog_compiler_rtti_exceptions=yes
lt_cv_prog_gnu_ld=no
lt_cv_prog_gnu_ldcxx=no
lt_cv_sys_global_symbol_pipe='sed -n -e '\''s/^.*[ 	]\([BCDEGRST][BCDEGRST]*\)[ 	][ 	]*_\([_A-Za-z][_A-Za-z0-9]*\)$/\1 _\2 \2/p'\'''
lt_cv_sys_global_symbol_to_c_name_address='sed -n -e '\''s/^: \([^ ]*\) $/  {\"\1\", (lt_ptr) 0},/p'\'' -e '\''s/^[BCDEGRST] \([^ ]*\) \([^ ]*\)$/  {"\2", (lt_ptr) \&\2},/p'\'''
lt_cv_sys_global_symbol_to_cdecl='sed -n -e '\''s/^. .* \(.*\)$/extern int \1;/p'\'''
lt_cv_sys_max_cmd_len=196608
lt_lt_cv_prog_compiler_c_o='"yes"'
lt_lt_cv_prog_compiler_c_o_CXX='"yes"'
lt_lt_cv_sys_global_symbol_pipe='"sed -n -e '\''s/^.*[ 	]\\([BCDEGRST][BCDEGRST]*\\)[ 	][ 	]*_\\([_A-Za-z][_A-Za-z0-9]*\\)\$/\\1 _\\2 \\2/p'\''"'
lt_lt_cv_sys_global_symbol_to_c_name_address='"sed -n -e '\''s/^: \\([^ ]*\\) \$/  {\\\"\\1\\\", (lt_ptr) 0},/p'\'' -e '\''s/^[BCDEGRST] \\([^ ]*\\) \\([^ ]*\\)\$/  {\"\\2\", (lt_ptr) \\&\\2},/p'\''"'
lt_lt_cv_sys_global_symbol_to_cdecl='"sed -n -e '\''s/^. .* \\(.*\\)\$/extern int \\1;/p'\''"'

## ----------------- ##
## Output variables. ##
## ----------------- ##

ACLOCAL='${SHELL} /Users/utilizador/TestU01/TestU01-1.2.3/missing --run aclocal-1.10'
AMDEPBACKSLASH='\'
AMDEP_FALSE='#'
AMDEP_TRUE=''
AMTAR='${SHELL} /Users/utilizador/TestU01/TestU01-1.2.3/missing --run tar'
AR='ar'
AUTOCONF='${SHELL} /Users/utilizador/TestU01/TestU01-1.2.3/missing --run autoconf'
AUTOHEADER='${SHELL} /Users/utilizador/TestU01/TestU01-1.2.3/missing --run autoheader'
AUTOMAKE='${SHELL} /Users/utilizador/TestU01/TestU01-1.2.3/missing --run automake-1.10'
AWK='awk'
CC='gcc'
CCDEPMODE='depmode=gcc3'
CFLAGS='-g -O2'
CPP='gcc -E'
CPPFLAGS=''
CXX='g++'
CXXCPP='g++ -E'
CXXDEPMODE='depmode=gcc3'
CXXFLAGS='-g -O2'
CYGPATH_W='echo'
DEFS='-DHAVE_CONFIG_H'
DEPDIR='.deps'
ECHO='/bin/echo'
ECHO_C='ECHO_N=''
ECHO_T=''
EGREP='/usr/bin/grep -E'
EXEEXT=''
F77=''
FFLAGS=''
GREP='/usr/bin/grep'
INSTALL_DATA='${INSTALL} -m 644'
INSTALL_PROGRAM='${INSTALL}'
INSTALL_SCRIPT='${INSTALL}'
INSTALL_STRIP_PROGRAM='$(install_sh) -c -s'
LDFLAGS=''
LIBM=''
LIBOBJS=''
LIBS=' '
LIBTOOL='$(SHELL) $(top_builddir)/libtool'
LN_S='ln -s'
LTLIBOBJS=''
MAKEINFO='${SHELL} /Users/utilizador/TestU01/TestU01-1.2.3/missing --run makeinfo'
OBJEXT='o'
PACKAGE='testu01'
PACKAGE_BUGREPORT='lecuyer@iro.umontreal.ca'
PACKAGE_NAME='TestU01'
PACKAGE_STRING='TestU01 1.2.3'
PACKAGE_TARNAME='testu01'
PACKAGE_VERSION='1.2.3'
PATH_SEPARATOR=':'
RANLIB='ranlib'
SED='/usr/bin/sed'
SET_MAKE=''
SHELL='/bin/sh'
STRIP='strip'
VERSION='1.2.3'
ac_ct_CC='gcc'
ac_ct_CXX='g++'
ac_ct_F77=''
am__fastdepCC_FALSE='#'
am__fastdepCC_TRUE=''
am__fastdepCXX_FALSE='#'
am__fastdepCXX_TRUE=''
am__include='include'
am__isrc=''
am__leading_dot='.'
am__quote=''
am__tar='${AMTAR} chof - "$$tardir"'
am__untar='${AMTAR} xf -'
bindir='${exec_prefix}/bin'
build='i386-apple-darwin17.3.0'
build_alias=''
build_cpu='i386'
build_os='darwin17.3.0'
build_vendor='apple'
datadir='${datarootdir}'
datarootdir='${prefix}/share'
docdir='${datarootdir}/doc/${PACKAGE_TARNAME}'
dvidir='${docdir}'
exec_prefix='${prefix}'
have_mathematica='no'
host='i386-apple-darwin17.3.0'
host_alias=''
host_cpu='i386'
host_os='darwin17.3.0'
host_vendor='apple'
htmldir='${docdir}'
includedir='${prefix}/include'
infodir='${datarootdir}/info'
install_sh='$(SHELL) /Users/utilizador/TestU01/TestU01-1.2.3/install-sh'
libdir='${exec_prefix}/lib'
libexecdir='${exec_prefix}/libexec'
localedir='${datarootdir}/locale'
localstatedir='${prefix}/var'
mandir='${datarootdir}/man'
mkdir_p='$(top_builddir)/./install-sh -c -d'
oldincludedir='/usr/include'
pdfdir='${docdir}'
prefix='/Users/utilizador/TestU01'
program_transform_name='s,x,x,'
psdir='${docdir}'
sbindir='${exec_prefix}/sbin'
sharedstatedir='${prefix}/com'
sysconfdir='${prefix}/etc'
target_alias=''

## ----------- ##
## confdefs.h. ##
## ----------- ##

#define PACKAGE_NAME "TestU01"
#define PACKAGE_TARNAME "testu01"
#define PACKAGE_VERSION "1.2.3"
#define PACKAGE_STRING "TestU01 1.2.3"
#define PACKAGE_BUGREPORT "lecuyer@iro.umontreal.ca"
#define PACKAGE "testu01"
#define VERSION "1.2.3"
#define STDC_HEADERS 1
#define HAVE_SYS_TYPES_H 1
#define HAVE_SYS_STAT_H 1
#define HAVE_STDLIB_H 1
#define HAVE_STRING_H 1
#define HAVE_MEMORY_H 1
#define HAVE_STRINGS_H 1
#define HAVE_INTTYPES_H 1
#define HAVE_STDINT_H 1
#define HAVE_UNISTD_H 1
#define HAVE_DLFCN_H 1
#define STDC_HEADERS 1
#define HAVE_SYS_UTSNAME_H 1
#define HAVE_UNISTD_H 1
#define HAVE_STDINT_H 1
#define HAVE_LONG_LONG 1
#define HAVE_UINT32_T 1
#define HAVE_UINT8_T 1
#define HAVE_RANDOM 1
#define HAVE_ERF 1
#define HAVE_LGAMMA 1
#define HAVE_LOG1P 1

configure: exit 0
